{"C:\\Users\\MY COMPUTER\\Desktop\\hngproject-root\\src\\app.js": {"path":"C:\\Users\\MY COMPUTER\\Desktop\\hngproject-root\\src\\app.js","statementMap":{"0":{"start":{"line":2,"column":13},"end":{"line":2,"column":28}},"1":{"start":{"line":3,"column":15},"end":{"line":3,"column":32}},"2":{"start":{"line":4,"column":16},"end":{"line":4,"column":34}},"3":{"start":{"line":5,"column":19},"end":{"line":5,"column":41}},"4":{"start":{"line":6,"column":19},"end":{"line":6,"column":43}},"5":{"start":{"line":7,"column":27},"end":{"line":7,"column":59}},"6":{"start":{"line":8,"column":11},"end":{"line":8,"column":39}},"7":{"start":{"line":10,"column":12},"end":{"line":10,"column":21}},"8":{"start":{"line":11,"column":13},"end":{"line":11,"column":37}},"9":{"start":{"line":14,"column":0},"end":{"line":14,"column":27}},"10":{"start":{"line":17,"column":0},"end":{"line":17,"column":29}},"11":{"start":{"line":18,"column":0},"end":{"line":18,"column":45}},"12":{"start":{"line":21,"column":0},"end":{"line":23,"column":3}},"13":{"start":{"line":22,"column":2},"end":{"line":22,"column":27}},"14":{"start":{"line":26,"column":0},"end":{"line":28,"column":3}},"15":{"start":{"line":27,"column":2},"end":{"line":27,"column":66}},"16":{"start":{"line":31,"column":0},"end":{"line":33,"column":74}},"17":{"start":{"line":32,"column":14},"end":{"line":32,"column":50}},"18":{"start":{"line":33,"column":16},"end":{"line":33,"column":72}},"19":{"start":{"line":35,"column":0},"end":{"line":37,"column":3}},"20":{"start":{"line":36,"column":2},"end":{"line":36,"column":51}},"21":{"start":{"line":39,"column":0},"end":{"line":39,"column":21}}},"fnMap":{"0":{"name":"(anonymous_0)","decl":{"start":{"line":21,"column":13},"end":{"line":21,"column":14}},"loc":{"start":{"line":21,"column":27},"end":{"line":23,"column":1}},"line":21},"1":{"name":"(anonymous_1)","decl":{"start":{"line":26,"column":8},"end":{"line":26,"column":9}},"loc":{"start":{"line":26,"column":33},"end":{"line":28,"column":1}},"line":26},"2":{"name":"(anonymous_2)","decl":{"start":{"line":32,"column":8},"end":{"line":32,"column":9}},"loc":{"start":{"line":32,"column":14},"end":{"line":32,"column":50}},"line":32},"3":{"name":"(anonymous_3)","decl":{"start":{"line":33,"column":9},"end":{"line":33,"column":10}},"loc":{"start":{"line":33,"column":16},"end":{"line":33,"column":72}},"line":33},"4":{"name":"(anonymous_4)","decl":{"start":{"line":35,"column":17},"end":{"line":35,"column":18}},"loc":{"start":{"line":35,"column":23},"end":{"line":37,"column":1}},"line":35}},"branchMap":{"0":{"loc":{"start":{"line":11,"column":13},"end":{"line":11,"column":37}},"type":"binary-expr","locations":[{"start":{"line":11,"column":13},"end":{"line":11,"column":29}},{"start":{"line":11,"column":33},"end":{"line":11,"column":37}}],"line":11}},"s":{"0":1,"1":1,"2":1,"3":1,"4":1,"5":1,"6":1,"7":1,"8":1,"9":1,"10":1,"11":1,"12":1,"13":0,"14":1,"15":0,"16":1,"17":1,"18":0,"19":1,"20":0,"21":1},"f":{"0":0,"1":0,"2":1,"3":0,"4":0},"b":{"0":[1,0]},"_coverageSchema":"1a1c01bbd47fc00a2c39e90264f33305004495a9","hash":"55d98868ab8bd62c72d9948535eb4a5a806b36e7"}
,"C:\\Users\\MY COMPUTER\\Desktop\\hngproject-root\\src\\config\\database.js": {"path":"C:\\Users\\MY COMPUTER\\Desktop\\hngproject-root\\src\\config\\database.js","statementMap":{"0":{"start":{"line":2,"column":0},"end":{"line":2,"column":38}},"1":{"start":{"line":4,"column":22},"end":{"line":4,"column":42}},"2":{"start":{"line":6,"column":18},"end":{"line":9,"column":2}},"3":{"start":{"line":11,"column":0},"end":{"line":13,"column":74}},"4":{"start":{"line":12,"column":14},"end":{"line":12,"column":50}},"5":{"start":{"line":13,"column":16},"end":{"line":13,"column":72}},"6":{"start":{"line":15,"column":0},"end":{"line":15,"column":27}}},"fnMap":{"0":{"name":"(anonymous_0)","decl":{"start":{"line":12,"column":8},"end":{"line":12,"column":9}},"loc":{"start":{"line":12,"column":14},"end":{"line":12,"column":50}},"line":12},"1":{"name":"(anonymous_1)","decl":{"start":{"line":13,"column":9},"end":{"line":13,"column":10}},"loc":{"start":{"line":13,"column":16},"end":{"line":13,"column":72}},"line":13}},"branchMap":{},"s":{"0":1,"1":1,"2":1,"3":1,"4":1,"5":0,"6":1},"f":{"0":1,"1":0},"b":{},"_coverageSchema":"1a1c01bbd47fc00a2c39e90264f33305004495a9","hash":"1209f5ada70220a3b4b55f9f8bdd571325b34058"}
,"C:\\Users\\MY COMPUTER\\Desktop\\hngproject-root\\src\\controllers\\authController.js": {"path":"C:\\Users\\MY COMPUTER\\Desktop\\hngproject-root\\src\\controllers\\authController.js","statementMap":{"0":{"start":{"line":2,"column":15},"end":{"line":2,"column":32}},"1":{"start":{"line":3,"column":12},"end":{"line":3,"column":35}},"2":{"start":{"line":4,"column":23},"end":{"line":4,"column":38}},"3":{"start":{"line":5,"column":13},"end":{"line":5,"column":38}},"4":{"start":{"line":6,"column":21},"end":{"line":6,"column":54}},"5":{"start":{"line":8,"column":0},"end":{"line":58,"column":2}},"6":{"start":{"line":9,"column":58},"end":{"line":9,"column":66}},"7":{"start":{"line":11,"column":2},"end":{"line":57,"column":3}},"8":{"start":{"line":12,"column":27},"end":{"line":12,"column":58}},"9":{"start":{"line":13,"column":17},"end":{"line":20,"column":6}},"10":{"start":{"line":22,"column":16},"end":{"line":26,"column":6}},"11":{"start":{"line":28,"column":18},"end":{"line":28,"column":96}},"12":{"start":{"line":30,"column":4},"end":{"line":43,"column":7}},"13":{"start":{"line":45,"column":21},"end":{"line":45,"column":24}},"14":{"start":{"line":46,"column":4},"end":{"line":48,"column":5}},"15":{"start":{"line":47,"column":6},"end":{"line":47,"column":23}},"16":{"start":{"line":49,"column":4},"end":{"line":56,"column":7}},"17":{"start":{"line":52,"column":39},"end":{"line":55,"column":7}},"18":{"start":{"line":60,"column":0},"end":{"line":97,"column":2}},"19":{"start":{"line":61,"column":30},"end":{"line":61,"column":38}},"20":{"start":{"line":63,"column":2},"end":{"line":96,"column":3}},"21":{"start":{"line":64,"column":17},"end":{"line":64,"column":57}},"22":{"start":{"line":66,"column":4},"end":{"line":72,"column":5}},"23":{"start":{"line":67,"column":6},"end":{"line":71,"column":9}},"24":{"start":{"line":74,"column":18},"end":{"line":74,"column":96}},"25":{"start":{"line":76,"column":4},"end":{"line":89,"column":7}},"26":{"start":{"line":91,"column":4},"end":{"line":95,"column":7}},"27":{"start":{"line":99,"column":0},"end":{"line":101,"column":2}},"28":{"start":{"line":103,"column":0},"end":{"line":105,"column":2}},"29":{"start":{"line":107,"column":0},"end":{"line":133,"column":2}},"30":{"start":{"line":108,"column":32},"end":{"line":108,"column":40}},"31":{"start":{"line":110,"column":2},"end":{"line":132,"column":3}},"32":{"start":{"line":111,"column":16},"end":{"line":115,"column":6}},"33":{"start":{"line":117,"column":4},"end":{"line":125,"column":7}},"34":{"start":{"line":127,"column":4},"end":{"line":131,"column":7}},"35":{"start":{"line":135,"column":0},"end":{"line":152,"column":2}},"36":{"start":{"line":136,"column":21},"end":{"line":136,"column":29}},"37":{"start":{"line":137,"column":20},"end":{"line":137,"column":30}},"38":{"start":{"line":139,"column":2},"end":{"line":151,"column":3}},"39":{"start":{"line":141,"column":4},"end":{"line":144,"column":7}},"40":{"start":{"line":146,"column":4},"end":{"line":150,"column":7}}},"fnMap":{"0":{"name":"(anonymous_0)","decl":{"start":{"line":8,"column":19},"end":{"line":8,"column":20}},"loc":{"start":{"line":8,"column":39},"end":{"line":58,"column":1}},"line":8},"1":{"name":"(anonymous_1)","decl":{"start":{"line":52,"column":31},"end":{"line":52,"column":32}},"loc":{"start":{"line":52,"column":39},"end":{"line":55,"column":7}},"line":52},"2":{"name":"(anonymous_2)","decl":{"start":{"line":60,"column":16},"end":{"line":60,"column":17}},"loc":{"start":{"line":60,"column":36},"end":{"line":97,"column":1}},"line":60},"3":{"name":"(anonymous_3)","decl":{"start":{"line":99,"column":27},"end":{"line":99,"column":28}},"loc":{"start":{"line":99,"column":47},"end":{"line":101,"column":1}},"line":99},"4":{"name":"(anonymous_4)","decl":{"start":{"line":103,"column":26},"end":{"line":103,"column":27}},"loc":{"start":{"line":103,"column":46},"end":{"line":105,"column":1}},"line":103},"5":{"name":"(anonymous_5)","decl":{"start":{"line":107,"column":29},"end":{"line":107,"column":30}},"loc":{"start":{"line":107,"column":49},"end":{"line":133,"column":1}},"line":107},"6":{"name":"(anonymous_6)","decl":{"start":{"line":135,"column":32},"end":{"line":135,"column":33}},"loc":{"start":{"line":135,"column":52},"end":{"line":152,"column":1}},"line":135}},"branchMap":{"0":{"loc":{"start":{"line":46,"column":4},"end":{"line":48,"column":5}},"type":"if","locations":[{"start":{"line":46,"column":4},"end":{"line":48,"column":5}},{"start":{},"end":{}}],"line":46},"1":{"loc":{"start":{"line":66,"column":4},"end":{"line":72,"column":5}},"type":"if","locations":[{"start":{"line":66,"column":4},"end":{"line":72,"column":5}},{"start":{},"end":{}}],"line":66},"2":{"loc":{"start":{"line":66,"column":8},"end":{"line":66,"column":63}},"type":"binary-expr","locations":[{"start":{"line":66,"column":8},"end":{"line":66,"column":13}},{"start":{"line":66,"column":17},"end":{"line":66,"column":63}}],"line":66}},"s":{"0":1,"1":1,"2":1,"3":1,"4":1,"5":1,"6":3,"7":3,"8":3,"9":3,"10":0,"11":0,"12":0,"13":3,"14":3,"15":3,"16":3,"17":4,"18":1,"19":1,"20":1,"21":1,"22":1,"23":0,"24":1,"25":1,"26":0,"27":1,"28":1,"29":1,"30":0,"31":0,"32":0,"33":0,"34":0,"35":1,"36":0,"37":0,"38":0,"39":0,"40":0},"f":{"0":3,"1":4,"2":1,"3":0,"4":0,"5":0,"6":0},"b":{"0":[3,0],"1":[0,1],"2":[1,1]},"_coverageSchema":"1a1c01bbd47fc00a2c39e90264f33305004495a9","hash":"408a3a958c2fa117aaa639b091ae8123ad7294d1"}
,"C:\\Users\\MY COMPUTER\\Desktop\\hngproject-root\\src\\controllers\\organisationController.js": {"path":"C:\\Users\\MY COMPUTER\\Desktop\\hngproject-root\\src\\controllers\\organisationController.js","statementMap":{"0":{"start":{"line":3,"column":25},"end":{"line":3,"column":50}},"1":{"start":{"line":5,"column":0},"end":{"line":20,"column":2}},"2":{"start":{"line":6,"column":2},"end":{"line":19,"column":3}},"3":{"start":{"line":7,"column":26},"end":{"line":7,"column":54}},"4":{"start":{"line":9,"column":4},"end":{"line":13,"column":7}},"5":{"start":{"line":15,"column":4},"end":{"line":18,"column":7}},"6":{"start":{"line":22,"column":0},"end":{"line":52,"column":2}},"7":{"start":{"line":23,"column":20},"end":{"line":23,"column":30}},"8":{"start":{"line":25,"column":2},"end":{"line":51,"column":3}},"9":{"start":{"line":26,"column":25},"end":{"line":26,"column":59}},"10":{"start":{"line":27,"column":4},"end":{"line":32,"column":5}},"11":{"start":{"line":28,"column":6},"end":{"line":31,"column":9}},"12":{"start":{"line":37,"column":4},"end":{"line":45,"column":7}},"13":{"start":{"line":47,"column":4},"end":{"line":50,"column":7}},"14":{"start":{"line":54,"column":0},"end":{"line":80,"column":2}},"15":{"start":{"line":55,"column":32},"end":{"line":55,"column":40}},"16":{"start":{"line":57,"column":2},"end":{"line":79,"column":3}},"17":{"start":{"line":58,"column":16},"end":{"line":62,"column":6}},"18":{"start":{"line":64,"column":4},"end":{"line":72,"column":7}},"19":{"start":{"line":74,"column":4},"end":{"line":78,"column":7}},"20":{"start":{"line":82,"column":0},"end":{"line":101,"column":2}},"21":{"start":{"line":83,"column":21},"end":{"line":83,"column":29}},"22":{"start":{"line":84,"column":20},"end":{"line":84,"column":30}},"23":{"start":{"line":86,"column":2},"end":{"line":100,"column":3}},"24":{"start":{"line":90,"column":4},"end":{"line":93,"column":7}},"25":{"start":{"line":95,"column":4},"end":{"line":99,"column":7}}},"fnMap":{"0":{"name":"(anonymous_0)","decl":{"start":{"line":5,"column":27},"end":{"line":5,"column":28}},"loc":{"start":{"line":5,"column":47},"end":{"line":20,"column":1}},"line":5},"1":{"name":"(anonymous_1)","decl":{"start":{"line":22,"column":26},"end":{"line":22,"column":27}},"loc":{"start":{"line":22,"column":46},"end":{"line":52,"column":1}},"line":22},"2":{"name":"(anonymous_2)","decl":{"start":{"line":54,"column":29},"end":{"line":54,"column":30}},"loc":{"start":{"line":54,"column":49},"end":{"line":80,"column":1}},"line":54},"3":{"name":"(anonymous_3)","decl":{"start":{"line":82,"column":32},"end":{"line":82,"column":33}},"loc":{"start":{"line":82,"column":52},"end":{"line":101,"column":1}},"line":82}},"branchMap":{"0":{"loc":{"start":{"line":27,"column":4},"end":{"line":32,"column":5}},"type":"if","locations":[{"start":{"line":27,"column":4},"end":{"line":32,"column":5}},{"start":{},"end":{}}],"line":27}},"s":{"0":1,"1":1,"2":0,"3":0,"4":0,"5":0,"6":1,"7":0,"8":0,"9":0,"10":0,"11":0,"12":0,"13":0,"14":1,"15":0,"16":0,"17":0,"18":0,"19":0,"20":1,"21":0,"22":0,"23":0,"24":0,"25":0},"f":{"0":0,"1":0,"2":0,"3":0},"b":{"0":[0,0]},"_coverageSchema":"1a1c01bbd47fc00a2c39e90264f33305004495a9","hash":"81c22212f98cd3abcdac34ab6f9372d9bbe03680"}
,"C:\\Users\\MY COMPUTER\\Desktop\\hngproject-root\\src\\middlewares\\authMiddleware.js": {"path":"C:\\Users\\MY COMPUTER\\Desktop\\hngproject-root\\src\\middlewares\\authMiddleware.js","statementMap":{"0":{"start":{"line":3,"column":12},"end":{"line":3,"column":35}},"1":{"start":{"line":4,"column":13},"end":{"line":4,"column":38}},"2":{"start":{"line":7,"column":26},"end":{"line":31,"column":1}},"3":{"start":{"line":8,"column":21},"end":{"line":8,"column":49}},"4":{"start":{"line":9,"column":16},"end":{"line":9,"column":54}},"5":{"start":{"line":11,"column":2},"end":{"line":13,"column":3}},"6":{"start":{"line":12,"column":4},"end":{"line":12,"column":31}},"7":{"start":{"line":15,"column":2},"end":{"line":30,"column":5}},"8":{"start":{"line":16,"column":4},"end":{"line":18,"column":5}},"9":{"start":{"line":17,"column":6},"end":{"line":17,"column":33}},"10":{"start":{"line":20,"column":4},"end":{"line":29,"column":5}},"11":{"start":{"line":21,"column":19},"end":{"line":21,"column":54}},"12":{"start":{"line":22,"column":6},"end":{"line":24,"column":7}},"13":{"start":{"line":23,"column":8},"end":{"line":23,"column":35}},"14":{"start":{"line":25,"column":6},"end":{"line":25,"column":22}},"15":{"start":{"line":26,"column":6},"end":{"line":26,"column":13}},"16":{"start":{"line":28,"column":6},"end":{"line":28,"column":26}},"17":{"start":{"line":33,"column":0},"end":{"line":33,"column":35}}},"fnMap":{"0":{"name":"(anonymous_0)","decl":{"start":{"line":7,"column":26},"end":{"line":7,"column":27}},"loc":{"start":{"line":7,"column":52},"end":{"line":31,"column":1}},"line":7},"1":{"name":"(anonymous_1)","decl":{"start":{"line":15,"column":44},"end":{"line":15,"column":45}},"loc":{"start":{"line":15,"column":68},"end":{"line":30,"column":3}},"line":15}},"branchMap":{"0":{"loc":{"start":{"line":9,"column":16},"end":{"line":9,"column":54}},"type":"binary-expr","locations":[{"start":{"line":9,"column":16},"end":{"line":9,"column":26}},{"start":{"line":9,"column":30},"end":{"line":9,"column":54}}],"line":9},"1":{"loc":{"start":{"line":11,"column":2},"end":{"line":13,"column":3}},"type":"if","locations":[{"start":{"line":11,"column":2},"end":{"line":13,"column":3}},{"start":{},"end":{}}],"line":11},"2":{"loc":{"start":{"line":16,"column":4},"end":{"line":18,"column":5}},"type":"if","locations":[{"start":{"line":16,"column":4},"end":{"line":18,"column":5}},{"start":{},"end":{}}],"line":16},"3":{"loc":{"start":{"line":22,"column":6},"end":{"line":24,"column":7}},"type":"if","locations":[{"start":{"line":22,"column":6},"end":{"line":24,"column":7}},{"start":{},"end":{}}],"line":22}},"s":{"0":1,"1":1,"2":1,"3":0,"4":0,"5":0,"6":0,"7":0,"8":0,"9":0,"10":0,"11":0,"12":0,"13":0,"14":0,"15":0,"16":0,"17":1},"f":{"0":0,"1":0},"b":{"0":[0,0],"1":[0,0],"2":[0,0],"3":[0,0]},"_coverageSchema":"1a1c01bbd47fc00a2c39e90264f33305004495a9","hash":"d1ac5be9b626c7037ed57e7522036b414545cfbb"}
,"C:\\Users\\MY COMPUTER\\Desktop\\hngproject-root\\src\\models\\organisation.js": {"path":"C:\\Users\\MY COMPUTER\\Desktop\\hngproject-root\\src\\models\\organisation.js","statementMap":{"0":{"start":{"line":3,"column":22},"end":{"line":3,"column":42}},"1":{"start":{"line":4,"column":18},"end":{"line":4,"column":47}},"2":{"start":{"line":6,"column":21},"end":{"line":20,"column":2}},"3":{"start":{"line":22,"column":0},"end":{"line":22,"column":30}}},"fnMap":{},"branchMap":{},"s":{"0":1,"1":1,"2":1,"3":1},"f":{},"b":{},"_coverageSchema":"1a1c01bbd47fc00a2c39e90264f33305004495a9","hash":"70454169b15723a3a77fd4c0b2027f45d6d5f11e"}
,"C:\\Users\\MY COMPUTER\\Desktop\\hngproject-root\\src\\models\\user.js": {"path":"C:\\Users\\MY COMPUTER\\Desktop\\hngproject-root\\src\\models\\user.js","statementMap":{"0":{"start":{"line":1,"column":22},"end":{"line":1,"column":42}},"1":{"start":{"line":2,"column":18},"end":{"line":2,"column":47}},"2":{"start":{"line":4,"column":13},"end":{"line":46,"column":2}},"3":{"start":{"line":48,"column":0},"end":{"line":48,"column":22}}},"fnMap":{},"branchMap":{},"s":{"0":1,"1":1,"2":1,"3":1},"f":{},"b":{},"_coverageSchema":"1a1c01bbd47fc00a2c39e90264f33305004495a9","hash":"9439659b6a0a668bdd2ea9995c0a0289cdff59f7"}
,"C:\\Users\\MY COMPUTER\\Desktop\\hngproject-root\\src\\routes\\auth.js": {"path":"C:\\Users\\MY COMPUTER\\Desktop\\hngproject-root\\src\\routes\\auth.js","statementMap":{"0":{"start":{"line":2,"column":16},"end":{"line":2,"column":34}},"1":{"start":{"line":3,"column":28},"end":{"line":3,"column":68}},"2":{"start":{"line":4,"column":23},"end":{"line":4,"column":63}},"3":{"start":{"line":6,"column":15},"end":{"line":6,"column":31}},"4":{"start":{"line":8,"column":0},"end":{"line":8,"column":35}},"5":{"start":{"line":9,"column":0},"end":{"line":9,"column":29}},"6":{"start":{"line":12,"column":0},"end":{"line":48,"column":3}},"7":{"start":{"line":13,"column":2},"end":{"line":47,"column":3}},"8":{"start":{"line":15,"column":4},"end":{"line":20,"column":5}},"9":{"start":{"line":16,"column":6},"end":{"line":19,"column":9}},"10":{"start":{"line":23,"column":17},"end":{"line":23,"column":51}},"11":{"start":{"line":24,"column":4},"end":{"line":29,"column":5}},"12":{"start":{"line":25,"column":6},"end":{"line":28,"column":9}},"13":{"start":{"line":31,"column":4},"end":{"line":41,"column":7}},"14":{"start":{"line":43,"column":4},"end":{"line":46,"column":7}},"15":{"start":{"line":50,"column":0},"end":{"line":50,"column":24}}},"fnMap":{"0":{"name":"(anonymous_0)","decl":{"start":{"line":12,"column":45},"end":{"line":12,"column":46}},"loc":{"start":{"line":12,"column":65},"end":{"line":48,"column":1}},"line":12}},"branchMap":{"0":{"loc":{"start":{"line":15,"column":4},"end":{"line":20,"column":5}},"type":"if","locations":[{"start":{"line":15,"column":4},"end":{"line":20,"column":5}},{"start":{},"end":{}}],"line":15},"1":{"loc":{"start":{"line":24,"column":4},"end":{"line":29,"column":5}},"type":"if","locations":[{"start":{"line":24,"column":4},"end":{"line":29,"column":5}},{"start":{},"end":{}}],"line":24}},"s":{"0":1,"1":1,"2":1,"3":1,"4":1,"5":1,"6":1,"7":0,"8":0,"9":0,"10":0,"11":0,"12":0,"13":0,"14":0,"15":1},"f":{"0":0},"b":{"0":[0,0],"1":[0,0]},"_coverageSchema":"1a1c01bbd47fc00a2c39e90264f33305004495a9","hash":"c9e7b1a20a46f03025241e5e8127d33c2f6b8147"}
,"C:\\Users\\MY COMPUTER\\Desktop\\hngproject-root\\src\\routes\\organisation.js": {"path":"C:\\Users\\MY COMPUTER\\Desktop\\hngproject-root\\src\\routes\\organisation.js","statementMap":{"0":{"start":{"line":1,"column":16},"end":{"line":1,"column":34}},"1":{"start":{"line":2,"column":15},"end":{"line":2,"column":31}},"2":{"start":{"line":3,"column":31},"end":{"line":3,"column":79}},"3":{"start":{"line":4,"column":23},"end":{"line":4,"column":63}},"4":{"start":{"line":6,"column":0},"end":{"line":6,"column":73}},"5":{"start":{"line":7,"column":0},"end":{"line":7,"column":78}},"6":{"start":{"line":8,"column":0},"end":{"line":8,"column":76}},"7":{"start":{"line":9,"column":0},"end":{"line":9,"column":91}},"8":{"start":{"line":11,"column":0},"end":{"line":11,"column":24}}},"fnMap":{},"branchMap":{},"s":{"0":1,"1":1,"2":1,"3":1,"4":1,"5":1,"6":1,"7":1,"8":1},"f":{},"b":{},"_coverageSchema":"1a1c01bbd47fc00a2c39e90264f33305004495a9","hash":"4b7373af8e918b8f997a4cced92b01920b5adc62"}
}
